Using pre-set license
Built from '2022.1/china_unity/release' branch; Version is '2022.1.8f1c1 (b3421772a201) revision 11747863'; Using compiler version '192829333'; Build Type 'Release'
OS: 'Windows 10  (10.0.19045) 64bit Professional' Language: 'zh' Physical Memory: 32639 MB
BatchMode: 1, IsHumanControllingUs: 0, StartBugReporterOnCrash: 0, Is64bit: 1, IsPro: 1

COMMAND LINE ARGUMENTS:
C:\Program Files\Unity\Hub\Editor\2022.1.8f1c1\Editor\Unity.exe
-adb2
-batchMode
-noUpm
-name
AssetImportWorker2
-projectPath
D:/Game/CrossRoad
-logFile
Logs/AssetImportWorker2.log
-srvPort
51045
Successfully changed project path to: D:/Game/CrossRoad
D:/Game/CrossRoad
[UnityMemory] Configuration Parameters - Can be set up in boot.config
    "memorysetup-bucket-allocator-granularity=16"
    "memorysetup-bucket-allocator-bucket-count=8"
    "memorysetup-bucket-allocator-block-size=33554432"
    "memorysetup-bucket-allocator-block-count=8"
    "memorysetup-main-allocator-block-size=16777216"
    "memorysetup-thread-allocator-block-size=16777216"
    "memorysetup-gfx-main-allocator-block-size=16777216"
    "memorysetup-gfx-thread-allocator-block-size=16777216"
    "memorysetup-cache-allocator-block-size=4194304"
    "memorysetup-typetree-allocator-block-size=2097152"
    "memorysetup-profiler-bucket-allocator-granularity=16"
    "memorysetup-profiler-bucket-allocator-bucket-count=8"
    "memorysetup-profiler-bucket-allocator-block-size=33554432"
    "memorysetup-profiler-bucket-allocator-block-count=8"
    "memorysetup-profiler-allocator-block-size=16777216"
    "memorysetup-profiler-editor-allocator-block-size=1048576"
    "memorysetup-temp-allocator-size-main=16777216"
    "memorysetup-job-temp-allocator-block-size=2097152"
    "memorysetup-job-temp-allocator-block-size-background=1048576"
    "memorysetup-job-temp-allocator-reduction-small-platforms=262144"
    "memorysetup-temp-allocator-size-background-worker=32768"
    "memorysetup-temp-allocator-size-job-worker=262144"
    "memorysetup-temp-allocator-size-preload-manager=33554432"
    "memorysetup-temp-allocator-size-nav-mesh-worker=65536"
    "memorysetup-temp-allocator-size-audio-worker=65536"
    "memorysetup-temp-allocator-size-cloud-worker=32768"
    "memorysetup-temp-allocator-size-gi-baking-worker=262144"
    "memorysetup-temp-allocator-size-gfx=262144"
Refreshing native plugins compatible for Editor in 108.36 ms, found 4 plugins.
Preloading 0 native plugins for Editor in 0.00 ms.
Initialize engine version: 2022.1.8f1c1 (b3421772a201)
[Subsystems] Discovering subsystems at path C:/Program Files/Unity/Hub/Editor/2022.1.8f1c1/Editor/Data/Resources/UnitySubsystems
[Subsystems] Discovering subsystems at path D:/Game/CrossRoad/Assets
GfxDevice: creating device client; threaded=0; jobified=0
Direct3D:
    Version:  Direct3D 11.0 [level 11.1]
    Renderer: NVIDIA GeForce GTX 1050 Ti (ID=0x1c82)
    Vendor:   NVIDIA
    VRAM:     4017 MB
    Driver:   31.0.15.3640
Initialize mono
Mono path[0] = 'C:/Program Files/Unity/Hub/Editor/2022.1.8f1c1/Editor/Data/Managed'
Mono path[1] = 'C:/Program Files/Unity/Hub/Editor/2022.1.8f1c1/Editor/Data/MonoBleedingEdge/lib/mono/unityjit-win32'
Mono config path = 'C:/Program Files/Unity/Hub/Editor/2022.1.8f1c1/Editor/Data/MonoBleedingEdge/etc'
Using monoOptions --debugger-agent=transport=dt_socket,embedding=1,server=y,suspend=n,address=127.0.0.1:56072
Begin MonoManager ReloadAssembly
Registering precompiled unity dll's ...
Register platform support module: C:/Program Files/Unity/Hub/Editor/2022.1.8f1c1/Editor/Data/PlaybackEngines/WindowsStandaloneSupport/UnityEditor.WindowsStandalone.Extensions.dll
Registered in 0.009185 seconds.
Native extension for WindowsStandalone target not found
Refreshing native plugins compatible for Editor in 101.63 ms, found 4 plugins.
Preloading 0 native plugins for Editor in 0.00 ms.
Mono: successfully reloaded assembly
- Completed reload, in  0.718 seconds
Domain Reload Profiling:
	ReloadAssembly (719ms)
		BeginReloadAssembly (81ms)
			ExecutionOrderSort (0ms)
			DisableScriptedObjects (0ms)
			BackupInstance (0ms)
			ReleaseScriptingObjects (0ms)
			CreateAndSetChildDomain (1ms)
		EndReloadAssembly (513ms)
			LoadAssemblies (77ms)
			RebuildTransferFunctionScriptingTraits (0ms)
			SetupTypeCache (116ms)
				TypeCache.Initialize (116ms)
					TypeCache.ScanAssembly (114ms)
				ResolveRequiredComponents (0ms)
			ReleaseScriptCaches (0ms)
			RebuildScriptCaches (29ms)
			SetupLoadedEditorAssemblies (307ms)
				LogAssemblyErrors (0ms)
				InitializePlatformSupportModulesInManaged (9ms)
				SetLoadedEditorAssemblies (7ms)
				RefreshPlugins (102ms)
				BeforeProcessingInitializeOnLoad (1ms)
				ProcessInitializeOnLoadAttributes (135ms)
				ProcessInitializeOnLoadMethodAttributes (53ms)
				AfterProcessingInitializeOnLoad (0ms)
				EditorAssembliesLoaded (0ms)
			ExecutionOrderSort2 (0ms)
			AwakeInstancesAfterBackupRestoration (0ms)
Platform modules already initialized, skipping
Registering precompiled user dll's ...
Registered in 0.010460 seconds.
Begin MonoManager ReloadAssembly
Symbol file LoadedFromMemory doesn't match image D:\Game\CrossRoad\Library\PackageCache\com.unity.visualscripting@1.7.8\Editor\VisualScripting.Core\Dependencies\YamlDotNet\Unity.VisualScripting.YamlDotNet.dll
Symbol file LoadedFromMemory doesn't match image D:\Game\CrossRoad\Library\PackageCache\com.unity.visualscripting@1.7.8\Editor\VisualScripting.Core\Dependencies\DotNetZip\Unity.VisualScripting.IonicZip.dll
Native extension for WindowsStandalone target not found
Refreshing native plugins compatible for Editor in 101.23 ms, found 4 plugins.
Preloading 0 native plugins for Editor in 0.00 ms.
Mono: successfully reloaded assembly
- Completed reload, in  7.595 seconds
Domain Reload Profiling:
	ReloadAssembly (7596ms)
		BeginReloadAssembly (125ms)
			ExecutionOrderSort (0ms)
			DisableScriptedObjects (6ms)
			BackupInstance (0ms)
			ReleaseScriptingObjects (0ms)
			CreateAndSetChildDomain (21ms)
		EndReloadAssembly (3174ms)
			LoadAssemblies (426ms)
			RebuildTransferFunctionScriptingTraits (0ms)
			SetupTypeCache (834ms)
				TypeCache.Initialize (829ms)
					TypeCache.ScanAssembly (825ms)
				ResolveRequiredComponents (5ms)
			ReleaseScriptCaches (1ms)
			RebuildScriptCaches (61ms)
			SetupLoadedEditorAssemblies (1790ms)
				LogAssemblyErrors (0ms)
				InitializePlatformSupportModulesInManaged (5ms)
				SetLoadedEditorAssemblies (7ms)
				RefreshPlugins (101ms)
				BeforeProcessingInitializeOnLoad (101ms)
				ProcessInitializeOnLoadAttributes (388ms)
				ProcessInitializeOnLoadMethodAttributes (1173ms)
				AfterProcessingInitializeOnLoad (14ms)
				EditorAssembliesLoaded (0ms)
			ExecutionOrderSort2 (0ms)
			AwakeInstancesAfterBackupRestoration (6ms)
Platform modules already initialized, skipping
========================================================================
Worker process is ready to serve import requests
Launched and connected shader compiler UnityShaderCompiler.exe after 0.07 seconds
Refreshing native plugins compatible for Editor in 0.82 ms, found 4 plugins.
Preloading 0 native plugins for Editor in 0.00 ms.
Unloading 4420 Unused Serialized files (Serialized files now loaded: 0)
Unloading 42 unused Assets / (57.5 KB). Loaded Objects now: 4878.
Memory consumption went from 0.67 GB to 0.67 GB.
Total: 3.615900 ms (FindLiveObjects: 0.369300 ms CreateObjectMapping: 0.122900 ms MarkObjects: 3.026700 ms  DeleteObjects: 0.095600 ms)

AssetImportParameters requested are different than current active one (requested -> active):
  custom:video-decoder-ogg-theora: a1e56fd34408186e4bbccfd4996cb3dc -> 
  custom:container-muxer-webm: aa71ff27fc2769a1b78a27578f13a17b -> 
  custom:container-demuxer-webm: 4f35f7cbe854078d1ac9338744f61a02 -> 
  custom:video-encoder-webm-vp8: eb34c28f22e8b96e1ab97ce403110664 -> 
  custom:audio-encoder-webm-vorbis: bf7c407c2cedff20999df2af8eb42d56 -> 
  custom:framework-win-MediaFoundation: 216162199b28c13a410421893ffa2e32 -> 
  custom:container-demuxer-ogg: 62fdf1f143b41e24485cea50d1cbac27 -> 
  custom:video-decoder-webm-vp8: 9c59270c3fd7afecdb556c50c9e8de78 -> 
  custom:audio-decoder-ogg-vorbis: bf7c407c2cedff20999df2af8eb42d56 -> 
========================================================================
Received Import Request.
  Time since last request: 71057.469277 seconds.
  path: Assets/Settings/Input Controls.inputactions
  artifactKey: Guid(8625496d511f1dd41a77f24db045c165) Importer(815301076,1909f56bfc062723c751e8b465ee728b)
Start importing Assets/Settings/Input Controls.inputactions using Guid(8625496d511f1dd41a77f24db045c165) Importer(815301076,1909f56bfc062723c751e8b465ee728b)  -> (artifact id: '7cc5151e0e787024faf990bd44c28a26') in 0.030125 seconds 
========================================================================
Received Import Request.
  Time since last request: 279.422432 seconds.
  path: Assets/Settings/Input Controls.inputactions
  artifactKey: Guid(8625496d511f1dd41a77f24db045c165) Importer(815301076,1909f56bfc062723c751e8b465ee728b)
Start importing Assets/Settings/Input Controls.inputactions using Guid(8625496d511f1dd41a77f24db045c165) Importer(815301076,1909f56bfc062723c751e8b465ee728b)  -> (artifact id: 'c42c7d303c3265d16b541eb6d2724f3c') in 0.003220 seconds 
========================================================================
Received Import Request.
  Time since last request: 170.401567 seconds.
  path: Assets/Settings/Input Controls.inputactions
  artifactKey: Guid(8625496d511f1dd41a77f24db045c165) Importer(815301076,1909f56bfc062723c751e8b465ee728b)
Start importing Assets/Settings/Input Controls.inputactions using Guid(8625496d511f1dd41a77f24db045c165) Importer(815301076,1909f56bfc062723c751e8b465ee728b)  -> (artifact id: '004932814217725cb71fb7c4cf345021') in 0.002907 seconds 
========================================================================
Received Import Request.
  Time since last request: 231.319784 seconds.
  path: Assets/Art Assets/Other Assets/accs03.png
  artifactKey: Guid(169fdb729f0e88b44b5078c6add1fc2f) Importer(815301076,1909f56bfc062723c751e8b465ee728b)
Start importing Assets/Art Assets/Other Assets/accs03.png using Guid(169fdb729f0e88b44b5078c6add1fc2f) Importer(815301076,1909f56bfc062723c751e8b465ee728b)  -> (artifact id: 'd6ed11152e0e8b829fe86e4116483f0b') in 0.107915 seconds 
========================================================================
Received Import Request.
  Time since last request: 0.000031 seconds.
  path: Assets/Art Assets/UI/AudioBtn_off.png
  artifactKey: Guid(9823588b48c6ffd4daae6241e78cc745) Importer(815301076,1909f56bfc062723c751e8b465ee728b)
Start importing Assets/Art Assets/UI/AudioBtn_off.png using Guid(9823588b48c6ffd4daae6241e78cc745) Importer(815301076,1909f56bfc062723c751e8b465ee728b)  -> (artifact id: '9016efc650812a75299973c18b474569') in 0.036445 seconds 
========================================================================
Received Import Request.
  Time since last request: 0.000041 seconds.
  path: Assets/Art Assets/Car/Car01/CarMoving_00.png
  artifactKey: Guid(384fb8739d0ab5e468f220f96d0a2ef5) Importer(815301076,1909f56bfc062723c751e8b465ee728b)
Start importing Assets/Art Assets/Car/Car01/CarMoving_00.png using Guid(384fb8739d0ab5e468f220f96d0a2ef5) Importer(815301076,1909f56bfc062723c751e8b465ee728b)  -> (artifact id: 'c080cb39a5c55cbc39a7c2266da8c481') in 0.045805 seconds 
========================================================================
Received Import Request.
  Time since last request: 0.000034 seconds.
  path: Assets/Art Assets/UI/Arrow_up.png
  artifactKey: Guid(773f75a07070b7d4192e675b0b98974e) Importer(815301076,1909f56bfc062723c751e8b465ee728b)
Start importing Assets/Art Assets/UI/Arrow_up.png using Guid(773f75a07070b7d4192e675b0b98974e) Importer(815301076,1909f56bfc062723c751e8b465ee728b)  -> (artifact id: '100e6cabfccebc26c20f92335b58fd8d') in 0.040058 seconds 
========================================================================
Received Import Request.
  Time since last request: 0.000025 seconds.
  path: Assets/Art Assets/UI/Arrow_right.png
  artifactKey: Guid(8d34ce5170a9a914dbbcd306e00405a5) Importer(815301076,1909f56bfc062723c751e8b465ee728b)
Start importing Assets/Art Assets/UI/Arrow_right.png using Guid(8d34ce5170a9a914dbbcd306e00405a5) Importer(815301076,1909f56bfc062723c751e8b465ee728b)  -> (artifact id: '8d1a584817bc4b2dcfd3c86bb98c3b1c') in 0.039312 seconds 
========================================================================
Received Import Request.
  Time since last request: 0.000029 seconds.
  path: Assets/Art Assets/Car/Car02/CarMoving_00.png
  artifactKey: Guid(baf19af202d33e94c961a6d71635380c) Importer(815301076,1909f56bfc062723c751e8b465ee728b)
Start importing Assets/Art Assets/Car/Car02/CarMoving_00.png using Guid(baf19af202d33e94c961a6d71635380c) Importer(815301076,1909f56bfc062723c751e8b465ee728b)  -> (artifact id: '73c0cefc301adea8e2cd9326c00f8fcd') in 0.032557 seconds 
========================================================================
Received Prepare
Registering precompiled user dll's ...
Registered in 0.014103 seconds.
Begin MonoManager ReloadAssembly
Symbol file LoadedFromMemory doesn't match image D:\Game\CrossRoad\Library\PackageCache\com.unity.visualscripting@1.7.8\Editor\VisualScripting.Core\Dependencies\YamlDotNet\Unity.VisualScripting.YamlDotNet.dll
Symbol file LoadedFromMemory doesn't match image D:\Game\CrossRoad\Library\PackageCache\com.unity.visualscripting@1.7.8\Editor\VisualScripting.Core\Dependencies\DotNetZip\Unity.VisualScripting.IonicZip.dll
Native extension for WindowsStandalone target not found
Refreshing native plugins compatible for Editor in 0.88 ms, found 4 plugins.
Preloading 0 native plugins for Editor in 0.00 ms.
Mono: successfully reloaded assembly
- Completed reload, in  1.089 seconds
Domain Reload Profiling:
	ReloadAssembly (1089ms)
		BeginReloadAssembly (144ms)
			ExecutionOrderSort (0ms)
			DisableScriptedObjects (6ms)
			BackupInstance (0ms)
			ReleaseScriptingObjects (0ms)
			CreateAndSetChildDomain (41ms)
		EndReloadAssembly (841ms)
			LoadAssemblies (96ms)
			RebuildTransferFunctionScriptingTraits (0ms)
			SetupTypeCache (271ms)
				TypeCache.Initialize (266ms)
					TypeCache.ScanAssembly (261ms)
				ResolveRequiredComponents (4ms)
			ReleaseScriptCaches (1ms)
			RebuildScriptCaches (44ms)
			SetupLoadedEditorAssemblies (373ms)
				LogAssemblyErrors (0ms)
				InitializePlatformSupportModulesInManaged (12ms)
				SetLoadedEditorAssemblies (7ms)
				RefreshPlugins (1ms)
				BeforeProcessingInitializeOnLoad (72ms)
				ProcessInitializeOnLoadAttributes (235ms)
				ProcessInitializeOnLoadMethodAttributes (33ms)
				AfterProcessingInitializeOnLoad (12ms)
				EditorAssembliesLoaded (0ms)
			ExecutionOrderSort2 (0ms)
			AwakeInstancesAfterBackupRestoration (8ms)
Platform modules already initialized, skipping
Refreshing native plugins compatible for Editor in 2.59 ms, found 4 plugins.
Preloading 0 native plugins for Editor in 0.00 ms.
Unloading 4410 Unused Serialized files (Serialized files now loaded: 0)
Unloading 27 unused Assets / (25.4 KB). Loaded Objects now: 4900.
Memory consumption went from 0.67 GB to 0.67 GB.
Total: 3.482600 ms (FindLiveObjects: 0.329700 ms CreateObjectMapping: 0.109400 ms MarkObjects: 3.001600 ms  DeleteObjects: 0.040500 ms)

AssetImportParameters requested are different than current active one (requested -> active):
  custom:video-decoder-ogg-theora: a1e56fd34408186e4bbccfd4996cb3dc -> 
  custom:container-muxer-webm: aa71ff27fc2769a1b78a27578f13a17b -> 
  custom:container-demuxer-webm: 4f35f7cbe854078d1ac9338744f61a02 -> 
  custom:video-encoder-webm-vp8: eb34c28f22e8b96e1ab97ce403110664 -> 
  custom:audio-encoder-webm-vorbis: bf7c407c2cedff20999df2af8eb42d56 -> 
  custom:framework-win-MediaFoundation: 216162199b28c13a410421893ffa2e32 -> 
  custom:container-demuxer-ogg: 62fdf1f143b41e24485cea50d1cbac27 -> 
  custom:video-decoder-webm-vp8: 9c59270c3fd7afecdb556c50c9e8de78 -> 
  custom:audio-decoder-ogg-vorbis: bf7c407c2cedff20999df2af8eb42d56 -> 
Editor requested this worker to shutdown with reason: Scaling down because of idle timeout
AssetImportWorker is now disconnected from the server
Process exiting
Exiting without the bug reporter. Application will terminate with return code 0